time="2024-03-20T08:56:34+08:00" level=info msg="数据库初始化成功！"
time="2024-03-20T08:56:34+08:00" level=info msg="初始化session成功"
time="2024-03-20T08:57:08+08:00" level=info msg="数据库初始化成功！"
time="2024-03-20T08:57:08+08:00" level=info msg="初始化session成功"
time="2024-03-20T08:57:08+08:00" level=info msg="初始化session成功"
time="2024-03-20T09:24:59+08:00" level=info msg="数据库初始化成功！"
time="2024-03-20T09:24:59+08:00" level=info msg="初始化session成功"
time="2024-03-20T09:24:59+08:00" level=info msg="初始化session成功"
time="2024-03-20T09:26:11+08:00" level=info msg="数据库初始化成功！"
time="2024-03-20T09:26:11+08:00" level=info msg="初始化session成功"
time="2024-03-20T09:26:11+08:00" level=info msg="初始化session成功"
time="2024-03-20T10:21:02+08:00" level=info msg="数据库初始化成功！"
time="2024-03-20T10:21:32+08:00" level=info msg="数据库初始化成功！"
time="2024-03-20T10:22:20+08:00" level=info msg="数据库初始化成功！"
time="2024-03-20T10:26:52+08:00" level=info msg="数据库初始化成功！"
time="2024-03-20T10:27:22+08:00" level=info msg="数据库初始化成功！"
time="2024-03-20T10:33:12+08:00" level=info msg="数据库初始化成功！"
time="2024-03-20T10:35:42+08:00" level=info msg="数据库初始化成功！"
time="2024-03-22T17:19:07+08:00" level=info msg="数据库初始化成功！"
time="2024-03-22T17:19:07+08:00" level=info msg="初始化session成功"
time="2024-03-22T17:19:07+08:00" level=info msg="初始化session成功"
time="2024-03-23T18:47:45+08:00" level=info msg="数据库初始化成功！"
time="2024-03-23T18:47:45+08:00" level=panic msg="dial tcp 127.0.0.1:6379: connectex: No connection could be made because the target machine actively refused it."
time="2024-03-23T18:48:02+08:00" level=info msg="数据库初始化成功！"
time="2024-03-23T18:48:02+08:00" level=info msg="初始化session成功"
time="2024-03-23T18:48:02+08:00" level=info msg="初始化session成功"
time="2024-03-23T18:48:44+08:00" level=info msg="数据库初始化成功！"
time="2024-03-23T18:48:44+08:00" level=info msg="初始化session成功"
time="2024-03-23T18:48:44+08:00" level=info msg="初始化session成功"
time="2024-03-23T18:51:39+08:00" level=info msg="数据库初始化成功！"
time="2024-03-23T18:51:39+08:00" level=info msg="初始化session成功"
time="2024-03-23T18:51:39+08:00" level=info msg="初始化session成功"
time="2024-03-23T18:59:35+08:00" level=info msg="数据库初始化成功！"
time="2024-03-23T18:59:35+08:00" level=info msg="初始化session成功"
time="2024-03-23T18:59:36+08:00" level=info msg="初始化session成功"
time="2024-03-23T19:01:22+08:00" level=info msg="数据库初始化成功！"
time="2024-03-23T19:01:22+08:00" level=info msg="初始化session成功"
time="2024-03-23T19:01:22+08:00" level=info msg="初始化session成功"
time="2024-03-23T19:06:53+08:00" level=info msg="数据库初始化成功！"
time="2024-03-23T19:06:53+08:00" level=info msg="初始化session成功"
time="2024-03-23T19:06:53+08:00" level=info msg="初始化session成功"
time="2024-03-23T19:09:47+08:00" level=info msg="数据库初始化成功！"
time="2024-03-23T19:09:47+08:00" level=info msg="初始化session成功"
time="2024-03-23T19:09:47+08:00" level=info msg="初始化session成功"
time="2024-03-23T19:15:05+08:00" level=info msg="数据库初始化成功！"
time="2024-03-23T19:15:05+08:00" level=info msg="初始化session成功"
time="2024-03-23T19:15:05+08:00" level=info msg="初始化session成功"
time="2024-03-23T19:23:19+08:00" level=info msg="数据库初始化成功！"
time="2024-03-23T19:23:19+08:00" level=info msg="初始化session成功"
time="2024-03-23T19:23:19+08:00" level=info msg="初始化session成功"
time="2024-03-23T19:23:30+08:00" level=info msg="数据库初始化成功！"
time="2024-03-23T19:23:30+08:00" level=info msg="初始化session成功"
time="2024-03-23T19:23:30+08:00" level=info msg="初始化session成功"
time="2024-03-23T19:27:38+08:00" level=info msg="数据库初始化成功！"
time="2024-03-23T19:27:38+08:00" level=info msg="初始化session成功"
time="2024-03-23T19:27:38+08:00" level=info msg="初始化session成功"
time="2024-03-23T19:28:28+08:00" level=info msg="数据库初始化成功！"
time="2024-03-23T19:28:28+08:00" level=info msg="初始化session成功"
time="2024-03-23T19:28:28+08:00" level=info msg="初始化session成功"
time="2024-03-25T09:02:38+08:00" level=info msg="数据库初始化成功！"
time="2024-03-25T09:02:38+08:00" level=info msg="初始化session成功"
time="2024-03-25T09:02:38+08:00" level=info msg="初始化session成功"
time="2024-03-25T09:02:41+08:00" level=info msg="数据库初始化成功！"
time="2024-03-25T09:02:41+08:00" level=info msg="初始化session成功"
time="2024-03-25T09:02:41+08:00" level=info msg="初始化session成功"
time="2024-03-25T11:26:14+08:00" level=info msg="数据库初始化成功！"
time="2024-03-25T11:26:14+08:00" level=info msg="初始化session成功"
time="2024-03-25T11:26:14+08:00" level=info msg="初始化session成功"
time="2024-03-25T11:26:43+08:00" level=info msg="数据库初始化成功！"
time="2024-03-25T11:26:43+08:00" level=info msg="初始化session成功"
time="2024-03-25T11:26:43+08:00" level=info msg="初始化session成功"
time="2024-03-25T11:27:33+08:00" level=info msg="数据库初始化成功！"
time="2024-03-25T11:27:33+08:00" level=info msg="初始化session成功"
time="2024-03-25T11:27:33+08:00" level=info msg="初始化session成功"
time="2024-03-28T17:41:30+08:00" level=info msg="数据库初始化成功！"
time="2024-03-28T17:41:30+08:00" level=info msg="初始化session成功"
time="2024-03-28T17:41:30+08:00" level=info msg="初始化session成功"
time="2024-03-28T18:33:18+08:00" level=info msg="数据库初始化成功！"
time="2024-03-28T18:33:18+08:00" level=info msg="初始化session成功"
time="2024-03-28T18:33:18+08:00" level=info msg="初始化session成功"
time="2024-03-28T18:34:27+08:00" level=info msg="数据库初始化成功！"
time="2024-03-28T18:34:27+08:00" level=info msg="初始化session成功"
time="2024-03-28T18:36:06+08:00" level=info msg="数据库初始化成功！"
time="2024-03-28T18:36:06+08:00" level=info msg="初始化session成功"
time="2024-03-28T18:37:57+08:00" level=info msg="数据库初始化成功！"
time="2024-03-28T18:37:57+08:00" level=info msg="初始化session成功"
time="2024-03-28T18:39:04+08:00" level=info msg="数据库初始化成功！"
time="2024-03-28T18:39:04+08:00" level=info msg="初始化session成功"
time="2024-03-28T18:39:18+08:00" level=error msg="dial tcp :0: connectex: The requested address is not valid in its context."
time="2024-03-28T18:42:00+08:00" level=info msg="数据库初始化成功！"
time="2024-03-28T18:42:00+08:00" level=info msg="初始化session成功"
time="2024-03-28T18:42:08+08:00" level=info msg="数据库初始化成功！"
time="2024-03-28T18:42:08+08:00" level=info msg="初始化session成功"
time="2024-03-28T18:45:13+08:00" level=info msg="数据库初始化成功！"
time="2024-03-28T18:45:13+08:00" level=info msg="初始化session成功"
time="2024-03-28T18:45:26+08:00" level=info msg="数据库初始化成功！"
time="2024-03-28T18:45:26+08:00" level=info msg="初始化session成功"
time="2024-03-28T18:46:27+08:00" level=info msg="数据库初始化成功！"
time="2024-03-28T18:46:27+08:00" level=info msg="初始化session成功"
time="2024-03-28T18:46:35+08:00" level=info msg="数据库初始化成功！"
time="2024-03-28T18:46:35+08:00" level=info msg="初始化session成功"
time="2024-03-28T18:47:10+08:00" level=error msg="dial tcp :0: connectex: The requested address is not valid in its context."
time="2024-03-28T18:51:20+08:00" level=error msg="dial tcp :0: connectex: The requested address is not valid in its context."
time="2024-03-28T18:52:34+08:00" level=info msg="数据库初始化成功！"
time="2024-03-28T18:52:34+08:00" level=info msg="初始化session成功"
time="2024-03-28T18:52:38+08:00" level=error msg="dial tcp :0: connectex: The requested address is not valid in its context."
time="2024-03-28T18:54:45+08:00" level=info msg="数据库初始化成功！"
time="2024-03-28T18:54:45+08:00" level=info msg="初始化session成功"
time="2024-03-28T18:54:54+08:00" level=info msg="数据库初始化成功！"
time="2024-03-28T18:54:54+08:00" level=info msg="初始化session成功"
time="2024-03-28T18:55:04+08:00" level=error msg="dial tcp :0: connectex: The requested address is not valid in its context."
time="2024-03-28T18:55:55+08:00" level=info msg="数据库初始化成功！"
time="2024-03-28T18:55:55+08:00" level=info msg="初始化session成功"
time="2024-03-28T18:55:58+08:00" level=info msg="数据库初始化成功！"
time="2024-03-28T18:55:58+08:00" level=info msg="初始化session成功"
time="2024-03-28T18:56:03+08:00" level=info msg="数据库初始化成功！"
time="2024-03-28T18:56:03+08:00" level=info msg="初始化session成功"
time="2024-03-28T18:56:06+08:00" level=info msg="数据库初始化成功！"
time="2024-03-28T18:56:06+08:00" level=info msg="初始化session成功"
time="2024-03-28T18:56:08+08:00" level=info msg="数据库初始化成功！"
time="2024-03-28T18:56:08+08:00" level=info msg="初始化session成功"
time="2024-03-28T18:56:29+08:00" level=error msg="dial tcp :0: connectex: The requested address is not valid in its context."
time="2024-03-28T18:57:15+08:00" level=info msg="数据库初始化成功！"
time="2024-03-28T18:57:15+08:00" level=info msg="初始化session成功"
time="2024-03-28T18:57:17+08:00" level=info msg="邮件发送成功"
time="2024-03-28T18:57:39+08:00" level=info msg="邮件发送成功"
time="2024-03-28T18:59:35+08:00" level=info msg="数据库初始化成功！"
time="2024-03-28T18:59:35+08:00" level=info msg="初始化session成功"
time="2024-03-28T18:59:36+08:00" level=info msg="数据库初始化成功！"
time="2024-03-28T18:59:36+08:00" level=info msg="初始化session成功"
time="2024-03-28T18:59:37+08:00" level=info msg="数据库初始化成功！"
time="2024-03-28T18:59:37+08:00" level=info msg="初始化session成功"
time="2024-03-28T19:00:26+08:00" level=info msg="数据库初始化成功！"
time="2024-03-28T19:00:26+08:00" level=info msg="初始化session成功"
time="2024-03-28T19:01:07+08:00" level=info msg="数据库初始化成功！"
time="2024-03-28T19:01:07+08:00" level=info msg="初始化session成功"
time="2024-03-28T19:01:09+08:00" level=info msg="数据库初始化成功！"
time="2024-03-28T19:01:09+08:00" level=info msg="初始化session成功"
time="2024-03-28T19:01:11+08:00" level=info msg="数据库初始化成功！"
time="2024-03-28T19:01:11+08:00" level=info msg="初始化session成功"
time="2024-03-28T19:01:14+08:00" level=info msg="数据库初始化成功！"
time="2024-03-28T19:01:14+08:00" level=info msg="初始化session成功"
time="2024-03-28T19:01:16+08:00" level=info msg="数据库初始化成功！"
time="2024-03-28T19:01:16+08:00" level=info msg="初始化session成功"
time="2024-03-28T19:02:15+08:00" level=info msg="数据库初始化成功！"
time="2024-03-28T19:02:15+08:00" level=info msg="初始化session成功"
time="2024-03-28T19:02:16+08:00" level=info msg="数据库初始化成功！"
time="2024-03-28T19:02:16+08:00" level=info msg="初始化session成功"
time="2024-03-28T19:02:19+08:00" level=info msg="数据库初始化成功！"
time="2024-03-28T19:02:19+08:00" level=info msg="初始化session成功"
time="2024-03-28T19:02:20+08:00" level=info msg="数据库初始化成功！"
time="2024-03-28T19:02:20+08:00" level=info msg="初始化session成功"
time="2024-03-28T19:02:22+08:00" level=info msg="数据库初始化成功！"
time="2024-03-28T19:02:22+08:00" level=info msg="初始化session成功"
time="2024-03-28T19:02:25+08:00" level=info msg="数据库初始化成功！"
time="2024-03-28T19:02:25+08:00" level=info msg="初始化session成功"
time="2024-03-28T19:02:27+08:00" level=info msg="数据库初始化成功！"
time="2024-03-28T19:02:27+08:00" level=info msg="初始化session成功"
time="2024-03-28T19:02:34+08:00" level=info msg="数据库初始化成功！"
time="2024-03-28T19:02:34+08:00" level=info msg="初始化session成功"
time="2024-03-28T19:02:37+08:00" level=info msg="数据库初始化成功！"
time="2024-03-28T19:02:37+08:00" level=info msg="初始化session成功"
time="2024-03-28T19:04:24+08:00" level=info msg="邮件发送成功"
time="2024-03-28T19:05:52+08:00" level=info msg="数据库初始化成功！"
time="2024-03-28T19:05:52+08:00" level=info msg="初始化session成功"
time="2024-03-28T19:05:54+08:00" level=info msg="数据库初始化成功！"
time="2024-03-28T19:05:54+08:00" level=info msg="初始化session成功"
time="2024-03-28T19:07:35+08:00" level=info msg="邮件发送成功"
time="2024-03-28T19:08:12+08:00" level=info msg="数据库初始化成功！"
time="2024-03-28T19:08:12+08:00" level=info msg="初始化session成功"
time="2024-03-28T19:08:17+08:00" level=info msg="数据库初始化成功！"
time="2024-03-28T19:08:17+08:00" level=info msg="初始化session成功"
time="2024-03-28T19:08:25+08:00" level=info msg="数据库初始化成功！"
time="2024-03-28T19:08:25+08:00" level=info msg="初始化session成功"
time="2024-03-28T19:08:32+08:00" level=info msg="数据库初始化成功！"
time="2024-03-28T19:08:32+08:00" level=info msg="初始化session成功"
time="2024-03-28T19:09:01+08:00" level=info msg="邮件发送成功"
time="2024-03-28T19:09:15+08:00" level=info msg="数据库初始化成功！"
time="2024-03-28T19:09:15+08:00" level=info msg="初始化session成功"
time="2024-03-28T19:09:30+08:00" level=info msg="数据库初始化成功！"
time="2024-03-28T19:09:30+08:00" level=info msg="初始化session成功"
time="2024-03-28T19:09:31+08:00" level=info msg="数据库初始化成功！"
time="2024-03-28T19:09:31+08:00" level=info msg="初始化session成功"
time="2024-03-28T19:09:33+08:00" level=info msg="数据库初始化成功！"
time="2024-03-28T19:09:33+08:00" level=info msg="初始化session成功"
time="2024-03-28T19:09:36+08:00" level=info msg="数据库初始化成功！"
time="2024-03-28T19:09:36+08:00" level=info msg="初始化session成功"
time="2024-03-28T19:09:39+08:00" level=info msg="数据库初始化成功！"
time="2024-03-28T19:09:39+08:00" level=info msg="初始化session成功"
time="2024-03-28T19:09:49+08:00" level=info msg="初始化session成功"
time="2024-03-28T19:09:49+08:00" level=error msg="登录校验出错，查询校验码出错"
time="2024-03-28T19:10:28+08:00" level=info msg="初始化session成功"
time="2024-03-28T19:10:28+08:00" level=error msg="登录校验出错，查询校验码出错"
time="2024-03-28T19:10:52+08:00" level=info msg="数据库初始化成功！"
time="2024-03-28T19:10:52+08:00" level=info msg="初始化session成功"
time="2024-03-28T19:10:58+08:00" level=info msg="初始化session成功"
time="2024-03-28T19:10:58+08:00" level=error msg="登录校验出错，查询校验码出错"
time="2024-03-28T19:14:06+08:00" level=info msg="数据库初始化成功！"
time="2024-03-28T19:14:06+08:00" level=info msg="初始化session成功"
time="2024-03-28T19:14:10+08:00" level=info msg="初始化session成功"
time="2024-03-28T19:14:10+08:00" level=error msg="登录校验出错，查询校验码出错"
time="2024-03-28T19:15:23+08:00" level=info msg="数据库初始化成功！"
time="2024-03-28T19:15:23+08:00" level=info msg="初始化session成功"
time="2024-03-28T19:15:29+08:00" level=info msg="初始化session成功"
time="2024-03-28T19:16:09+08:00" level=info msg="数据库初始化成功！"
time="2024-03-28T19:16:09+08:00" level=info msg="初始化session成功"
time="2024-03-28T19:16:14+08:00" level=info msg="初始化session成功"
time="2024-03-28T19:17:04+08:00" level=info msg="数据库初始化成功！"
time="2024-03-28T19:17:04+08:00" level=info msg="初始化session成功"
time="2024-03-28T19:17:28+08:00" level=info msg="初始化session成功"
time="2024-03-28T19:19:52+08:00" level=info msg="数据库初始化成功！"
time="2024-03-28T19:19:52+08:00" level=info msg="初始化session成功"
time="2024-03-28T19:19:58+08:00" level=info msg="初始化session成功"
time="2024-03-28T19:20:50+08:00" level=info msg="数据库初始化成功！"
time="2024-03-28T19:20:50+08:00" level=info msg="初始化session成功"
time="2024-03-28T19:21:58+08:00" level=info msg="数据库初始化成功！"
time="2024-03-28T19:21:58+08:00" level=info msg="初始化session成功"
time="2024-03-28T19:22:03+08:00" level=info msg="初始化session成功"
time="2024-03-28T19:23:06+08:00" level=info msg="数据库初始化成功！"
time="2024-03-28T19:23:06+08:00" level=info msg="初始化session成功"
time="2024-03-28T19:23:37+08:00" level=info msg="初始化session成功"
time="2024-03-28T19:23:41+08:00" level=info msg="初始化session成功"
